#1 [postgres internal] load build definition from Dockerfile
#1 sha256:8c4955130c05deefd7a3cb196b8c29868930b85ea13fa02e6c81cd4738ba0c79
#1 transferring dockerfile: 53B 0.0s done
#1 DONE 0.0s

#2 [pgadmin internal] load build definition from Dockerfile
#2 sha256:5fbb9fb43932f44a246472cadf63e8f4d346ad42ce5743dd1d205d2c40ed5c73
#2 transferring dockerfile: 56B done
#2 DONE 0.0s

#4 [pgadmin internal] load .dockerignore
#4 sha256:173bad68268b47ea0a00de9a7ba2f9c92812c998eb547cba8636e284ea016495
#4 transferring context: 2B done
#4 DONE 0.0s

#3 [postgres internal] load .dockerignore
#3 sha256:617456bc4443d39dd68f42abf47bd8178c01decc187e65da9235abf8017e088f
#3 transferring context: 2B 0.0s done
#3 DONE 0.0s

#6 [pgadmin internal] load metadata for docker.io/dpage/pgadmin4:latest
#6 sha256:5730968686e2d1c3cf30f84abcd4cc572609c351e0bfff98378fa39eea693d9e
#6 ...

#5 [postgres internal] load metadata for docker.io/library/postgres:14
#5 sha256:cb567c932ee9444e00f49c2dff4893534b565c3f4a0a20da41bac4e43691a84c
#5 DONE 1.3s

#6 [pgadmin internal] load metadata for docker.io/dpage/pgadmin4:latest
#6 sha256:5730968686e2d1c3cf30f84abcd4cc572609c351e0bfff98378fa39eea693d9e
#6 DONE 1.3s

#7 [postgres 1/1] FROM docker.io/library/postgres:14@sha256:2afa470c632d0fb67c92056f2ddb7931d62fda6c5f99b1c5c7e89b3d56b5e2a2
#7 sha256:e530ae79358b2260be58d041232202ac25331bddc27039c960516b0bfeb5c4f0
#7 resolve docker.io/library/postgres:14@sha256:2afa470c632d0fb67c92056f2ddb7931d62fda6c5f99b1c5c7e89b3d56b5e2a2 done
#7 sha256:2afa470c632d0fb67c92056f2ddb7931d62fda6c5f99b1c5c7e89b3d56b5e2a2 1.86kB / 1.86kB done
#7 sha256:6a3c448721086c9c2e35f8f321bab7949e5583cbadabd97c4b2a835c7a09be16 10.51kB / 10.51kB done
#7 sha256:7cf625de49eff935274ddf0944444341ef8721bb01b69c991c67924dfd76b1e4 0B / 1.80kB 0.2s
#7 sha256:5eb5b503b37671af16371272f9c5313a3e82f1d0756e14506704489ad9900803 1.05MB / 31.37MB 0.2s
#7 sha256:804cf27e86f05fce0d693f620f1be5664d4b2948e6b04b068e2fefb7dd437450 3.04kB / 3.04kB done
#7 sha256:daa0467a6c4883c02b241fe5f4f1703245f43ccbe5bcd56a3dceddef285bf31e 0B / 4.41MB 0.2s
#7 sha256:5eb5b503b37671af16371272f9c5313a3e82f1d0756e14506704489ad9900803 4.85MB / 31.37MB 0.3s
#7 sha256:7cf625de49eff935274ddf0944444341ef8721bb01b69c991c67924dfd76b1e4 1.80kB / 1.80kB 0.5s
#7 sha256:5eb5b503b37671af16371272f9c5313a3e82f1d0756e14506704489ad9900803 11.53MB / 31.37MB 0.5s
#7 sha256:daa0467a6c4883c02b241fe5f4f1703245f43ccbe5bcd56a3dceddef285bf31e 2.10MB / 4.41MB 0.5s
#7 sha256:7cf625de49eff935274ddf0944444341ef8721bb01b69c991c67924dfd76b1e4 1.80kB / 1.80kB 0.5s done
#7 sha256:5eb5b503b37671af16371272f9c5313a3e82f1d0756e14506704489ad9900803 17.83MB / 31.37MB 0.7s
#7 sha256:daa0467a6c4883c02b241fe5f4f1703245f43ccbe5bcd56a3dceddef285bf31e 4.41MB / 4.41MB 0.6s done
#7 sha256:bb8afcc973b2a3de0135018fd8bd12fc2f56ef30a64e6e503d1a20cf35e340f3 0B / 1.42MB 0.7s
#7 sha256:c74bf40d29ee27431deec24f6d21d1a09f178335b7c25aa6fd26850bec90252a 0B / 8.05MB 0.7s
#7 sha256:5eb5b503b37671af16371272f9c5313a3e82f1d0756e14506704489ad9900803 22.02MB / 31.37MB 0.8s
#7 sha256:bb8afcc973b2a3de0135018fd8bd12fc2f56ef30a64e6e503d1a20cf35e340f3 1.42MB / 1.42MB 0.8s done
#7 sha256:2ceaf201bb22921a17d7d85257c21ea29ff1da9b269e204d7a40fe2175b58913 0B / 441.57kB 0.8s
#7 sha256:5eb5b503b37671af16371272f9c5313a3e82f1d0756e14506704489ad9900803 28.31MB / 31.37MB 1.0s
#7 sha256:c74bf40d29ee27431deec24f6d21d1a09f178335b7c25aa6fd26850bec90252a 3.15MB / 8.05MB 1.0s
#7 sha256:5eb5b503b37671af16371272f9c5313a3e82f1d0756e14506704489ad9900803 31.37MB / 31.37MB 1.1s
#7 sha256:c74bf40d29ee27431deec24f6d21d1a09f178335b7c25aa6fd26850bec90252a 5.24MB / 8.05MB 1.1s
#7 sha256:2ceaf201bb22921a17d7d85257c21ea29ff1da9b269e204d7a40fe2175b58913 441.57kB / 441.57kB 1.1s done
#7 sha256:1255f255c0eb861462fc3bb1e26bebe7300bc593e6cba7389e9b449076993e2f 0B / 149B 1.1s
#7 sha256:c74bf40d29ee27431deec24f6d21d1a09f178335b7c25aa6fd26850bec90252a 8.05MB / 8.05MB 1.3s
#7 sha256:1255f255c0eb861462fc3bb1e26bebe7300bc593e6cba7389e9b449076993e2f 149B / 149B 1.3s
#7 sha256:5eb5b503b37671af16371272f9c5313a3e82f1d0756e14506704489ad9900803 31.37MB / 31.37MB 1.3s done
#7 extracting sha256:5eb5b503b37671af16371272f9c5313a3e82f1d0756e14506704489ad9900803
#7 sha256:c74bf40d29ee27431deec24f6d21d1a09f178335b7c25aa6fd26850bec90252a 8.05MB / 8.05MB 1.4s done
#7 sha256:1255f255c0eb861462fc3bb1e26bebe7300bc593e6cba7389e9b449076993e2f 149B / 149B 1.4s done
#7 sha256:04d0275af28672d5d4fd9d4a376c7c3aba19b6955dd040b3de39e7323af10763 0B / 9.54kB 1.5s
#7 sha256:4e80271c8de8a230b4a43a69315963efd7a645ab9fcb67aa8915a96369ba1cb6 0B / 91.26MB 1.5s
#7 sha256:12a9879c7aa16d847cd71e2509306cc7f4817fa4dd6c77d9b782447fea2baa6a 0B / 3.18kB 1.5s
#7 sha256:04d0275af28672d5d4fd9d4a376c7c3aba19b6955dd040b3de39e7323af10763 9.54kB / 9.54kB 1.6s done
#7 sha256:4e80271c8de8a230b4a43a69315963efd7a645ab9fcb67aa8915a96369ba1cb6 6.29MB / 91.26MB 1.7s
#7 sha256:12a9879c7aa16d847cd71e2509306cc7f4817fa4dd6c77d9b782447fea2baa6a 3.18kB / 3.18kB 1.7s done
#7 sha256:3d4fe3f39342f7e51567d8513bca1e52acfcfbaafac2253dd4fb237ecaf0f9c8 0B / 128B 1.7s
#7 sha256:60f2aefbd6d9f498207f594608ac1d87fc5b000e06ec45e7a2d8990e69a0acce 0B / 202B 1.7s
#7 sha256:4e80271c8de8a230b4a43a69315963efd7a645ab9fcb67aa8915a96369ba1cb6 11.53MB / 91.26MB 1.8s
#7 sha256:3d4fe3f39342f7e51567d8513bca1e52acfcfbaafac2253dd4fb237ecaf0f9c8 128B / 128B 1.7s done
#7 sha256:98ace1022c39fc2e999b0428ce9f9639187043d1fe91b0499d61641d76c8b218 0B / 4.68kB 1.8s
#7 sha256:60f2aefbd6d9f498207f594608ac1d87fc5b000e06ec45e7a2d8990e69a0acce 202B / 202B 1.8s done
#7 sha256:4e80271c8de8a230b4a43a69315963efd7a645ab9fcb67aa8915a96369ba1cb6 19.92MB / 91.26MB 2.0s
#7 sha256:98ace1022c39fc2e999b0428ce9f9639187043d1fe91b0499d61641d76c8b218 4.68kB / 4.68kB 1.9s done
#7 sha256:4e80271c8de8a230b4a43a69315963efd7a645ab9fcb67aa8915a96369ba1cb6 30.41MB / 91.26MB 2.3s
#7 sha256:4e80271c8de8a230b4a43a69315963efd7a645ab9fcb67aa8915a96369ba1cb6 35.65MB / 91.26MB 2.5s
#7 sha256:4e80271c8de8a230b4a43a69315963efd7a645ab9fcb67aa8915a96369ba1cb6 41.94MB / 91.26MB 2.7s
#7 sha256:4e80271c8de8a230b4a43a69315963efd7a645ab9fcb67aa8915a96369ba1cb6 51.38MB / 91.26MB 2.9s
#7 sha256:4e80271c8de8a230b4a43a69315963efd7a645ab9fcb67aa8915a96369ba1cb6 58.72MB / 91.26MB 3.1s
#7 sha256:4e80271c8de8a230b4a43a69315963efd7a645ab9fcb67aa8915a96369ba1cb6 66.06MB / 91.26MB 3.3s
#7 sha256:4e80271c8de8a230b4a43a69315963efd7a645ab9fcb67aa8915a96369ba1cb6 73.40MB / 91.26MB 3.6s
#7 sha256:4e80271c8de8a230b4a43a69315963efd7a645ab9fcb67aa8915a96369ba1cb6 80.74MB / 91.26MB 3.8s
#7 sha256:4e80271c8de8a230b4a43a69315963efd7a645ab9fcb67aa8915a96369ba1cb6 87.03MB / 91.26MB 4.0s
#7 sha256:4e80271c8de8a230b4a43a69315963efd7a645ab9fcb67aa8915a96369ba1cb6 91.26MB / 91.26MB 4.8s done
#7 extracting sha256:5eb5b503b37671af16371272f9c5313a3e82f1d0756e14506704489ad9900803 4.5s done
#7 extracting sha256:daa0467a6c4883c02b241fe5f4f1703245f43ccbe5bcd56a3dceddef285bf31e
#7 extracting sha256:daa0467a6c4883c02b241fe5f4f1703245f43ccbe5bcd56a3dceddef285bf31e 0.5s done
#7 extracting sha256:7cf625de49eff935274ddf0944444341ef8721bb01b69c991c67924dfd76b1e4 0.1s done
#7 extracting sha256:bb8afcc973b2a3de0135018fd8bd12fc2f56ef30a64e6e503d1a20cf35e340f3
#7 extracting sha256:bb8afcc973b2a3de0135018fd8bd12fc2f56ef30a64e6e503d1a20cf35e340f3 0.2s done
#7 extracting sha256:c74bf40d29ee27431deec24f6d21d1a09f178335b7c25aa6fd26850bec90252a
#7 extracting sha256:c74bf40d29ee27431deec24f6d21d1a09f178335b7c25aa6fd26850bec90252a 0.5s done
#7 extracting sha256:2ceaf201bb22921a17d7d85257c21ea29ff1da9b269e204d7a40fe2175b58913 0.1s done
#7 extracting sha256:1255f255c0eb861462fc3bb1e26bebe7300bc593e6cba7389e9b449076993e2f done
#7 extracting sha256:12a9879c7aa16d847cd71e2509306cc7f4817fa4dd6c77d9b782447fea2baa6a done
#7 extracting sha256:4e80271c8de8a230b4a43a69315963efd7a645ab9fcb67aa8915a96369ba1cb6
#7 ...

#8 [pgadmin 1/1] FROM docker.io/dpage/pgadmin4@sha256:18cc2c7cce64b3f95b1ff13ec835da88c25b30d3745a02774abcd166379dae60
#8 sha256:c81f953b686c92745b3ce037c65b912d74e63b8dacd3114541b13d037889e7f0
#8 resolve docker.io/dpage/pgadmin4@sha256:18cc2c7cce64b3f95b1ff13ec835da88c25b30d3745a02774abcd166379dae60 0.0s done
#8 sha256:22c4397a4b419f149354ee02b086380d7005366c68bd430443aab9199d73554a 6.09kB / 6.09kB done
#8 sha256:18cc2c7cce64b3f95b1ff13ec835da88c25b30d3745a02774abcd166379dae60 772B / 772B done
#8 sha256:e23fa1ad0628b194ee8ae958a43447798ecf23bd6adb6a5a2bdc23443ba5db2a 3.25kB / 3.25kB done
#8 sha256:34e720c4612b9c14efed025689c60104e45a95483f1d8473f7028d7177c4c636 32.37MB / 32.37MB 5.1s done
#8 sha256:59bf1c3509f33515622619af21ed55bbe26d24913cedbca106468a5fb37a50c3 2.82MB / 2.82MB 2.2s done
#8 extracting sha256:59bf1c3509f33515622619af21ed55bbe26d24913cedbca106468a5fb37a50c3 0.8s done
#8 sha256:8ef193cd122b711fb174f7200dc955dea7ed991d2f055f17db9b0370f8f0c0ac 2.87MB / 2.87MB 2.8s done
#8 sha256:4377f137124220cee6261baabc7471be2738024a23fcb11ee36f2c61bc5556c1 155.42kB / 155.42kB 3.0s done
#8 sha256:9205bee416677a23f2a812c7e03b832be7173e85c877a82af929e9ba545db80e 164B / 164B 3.3s done
#8 sha256:d5e36d286558a3df5b3f4145f3429a8a979b3cec04959347d7496f3f33fe92d4 129B / 129B 4.0s done
#8 sha256:9c91d0528419e667625b088d6231a8fe2155e4823fb17f272b5e911d69fec91b 8.41MB / 8.41MB 5.2s done
#8 sha256:86e0602b566ce8644a0a511cc78c2e4f90977f847ff2a63e5851c9c793021e93 34.00MB / 34.00MB 6.2s done
#8 sha256:cf0d28491ace6197f13c65052f8eccbe541d793fd14b91f8ccc6deb424aee1f6 207B / 207B 5.5s done
#8 sha256:198776d7d0ce7d9307d34e3f3358fbd76ffaf13398e16f07ed68dbd2a166d562 196B / 196B 5.4s done
#8 sha256:f7909c1938d8ff5da63219de0898e43d5c87f030131609105cdd9d820d85af74 1.66kB / 1.66kB 5.6s done
#8 sha256:9d477f4ed5d3ddf1fbf3f0521d500016c63a45ebe63f4a0f8f71fff3a650b261 742B / 742B 5.8s done
#8 extracting sha256:34e720c4612b9c14efed025689c60104e45a95483f1d8473f7028d7177c4c636 3.0s done
#8 sha256:51c0f4ca201e3a80b0e7fd5741d45ff78a0b59a84870ad745bb1c88ef902bc9c 9.59kB / 9.59kB 6.2s done
#8 sha256:bc906010b44f6290dcbca9f21d49991ba62d94b5835889dee47549ab01a34284 32.85MB / 32.85MB 7.0s done
#8 extracting sha256:8ef193cd122b711fb174f7200dc955dea7ed991d2f055f17db9b0370f8f0c0ac 0.2s done
#8 extracting sha256:4377f137124220cee6261baabc7471be2738024a23fcb11ee36f2c61bc5556c1 0.1s done
#8 extracting sha256:9205bee416677a23f2a812c7e03b832be7173e85c877a82af929e9ba545db80e 0.0s done
#8 extracting sha256:d5e36d286558a3df5b3f4145f3429a8a979b3cec04959347d7496f3f33fe92d4 done
#8 ...

#7 [postgres 1/1] FROM docker.io/library/postgres:14@sha256:2afa470c632d0fb67c92056f2ddb7931d62fda6c5f99b1c5c7e89b3d56b5e2a2
#7 sha256:e530ae79358b2260be58d041232202ac25331bddc27039c960516b0bfeb5c4f0
#7 extracting sha256:4e80271c8de8a230b4a43a69315963efd7a645ab9fcb67aa8915a96369ba1cb6 4.8s done
#7 extracting sha256:04d0275af28672d5d4fd9d4a376c7c3aba19b6955dd040b3de39e7323af10763 0.1s done
#7 extracting sha256:3d4fe3f39342f7e51567d8513bca1e52acfcfbaafac2253dd4fb237ecaf0f9c8 done
#7 extracting sha256:60f2aefbd6d9f498207f594608ac1d87fc5b000e06ec45e7a2d8990e69a0acce done
#7 extracting sha256:98ace1022c39fc2e999b0428ce9f9639187043d1fe91b0499d61641d76c8b218
#7 extracting sha256:98ace1022c39fc2e999b0428ce9f9639187043d1fe91b0499d61641d76c8b218 done
#7 DONE 16.8s

#9 [postgres] exporting to image
#9 sha256:e8c613e07b0b7ff33893b694f7759a10d42e180f2b4dc349fb57dc6b71dcab00
#9 exporting layers done
#9 writing image sha256:0c386c7538a6f2d23974e2195c0975e6941418cb66b037b7c5f6f8560a506499 0.0s done
#9 naming to docker.io/library/postgres:14
#9 naming to docker.io/library/postgres:14 done
#9 DONE 0.1s

#8 [pgadmin 1/1] FROM docker.io/dpage/pgadmin4@sha256:18cc2c7cce64b3f95b1ff13ec835da88c25b30d3745a02774abcd166379dae60
#8 sha256:c81f953b686c92745b3ce037c65b912d74e63b8dacd3114541b13d037889e7f0
#8 extracting sha256:9c91d0528419e667625b088d6231a8fe2155e4823fb17f272b5e911d69fec91b 1.0s done
#8 extracting sha256:86e0602b566ce8644a0a511cc78c2e4f90977f847ff2a63e5851c9c793021e93 0.9s done
#8 extracting sha256:cf0d28491ace6197f13c65052f8eccbe541d793fd14b91f8ccc6deb424aee1f6 done
#8 extracting sha256:198776d7d0ce7d9307d34e3f3358fbd76ffaf13398e16f07ed68dbd2a166d562 done
#8 extracting sha256:f7909c1938d8ff5da63219de0898e43d5c87f030131609105cdd9d820d85af74 done
#8 extracting sha256:9d477f4ed5d3ddf1fbf3f0521d500016c63a45ebe63f4a0f8f71fff3a650b261 done
#8 extracting sha256:51c0f4ca201e3a80b0e7fd5741d45ff78a0b59a84870ad745bb1c88ef902bc9c 0.1s done
#8 extracting sha256:bc906010b44f6290dcbca9f21d49991ba62d94b5835889dee47549ab01a34284 0.3s
#8 extracting sha256:bc906010b44f6290dcbca9f21d49991ba62d94b5835889dee47549ab01a34284 1.4s done
#8 DONE 18.7s

#9 [pgadmin] exporting to image
#9 sha256:e8c613e07b0b7ff33893b694f7759a10d42e180f2b4dc349fb57dc6b71dcab00
#9 exporting layers done
#9 writing image sha256:22790af8bb159b68ee7547782abb2d92ef4145cc47e28d2037affffef90d001b done
#9 naming to docker.io/dpage/pgadmin4 done
#9 DONE 0.0s
Attaching to nestjs, pgadmin, postgres, react
postgres  | The files belonging to this database system will be owned by user "postgres".
postgres  | This user must also own the server process.
postgres  | 
postgres  | The database cluster will be initialized with locale "en_US.utf8".
postgres  | The default database encoding has accordingly been set to "UTF8".
postgres  | The default text search configuration will be set to "english".
postgres  | 
postgres  | Data page checksums are disabled.
postgres  | 
postgres  | fixing permissions on existing directory /var/lib/postgresql/data ... ok
postgres  | creating subdirectories ... ok
postgres  | selecting dynamic shared memory implementation ... posix
postgres  | selecting default max_connections ... 100
postgres  | selecting default shared_buffers ... 128MB
postgres  | selecting default time zone ... Etc/UTC
postgres  | creating configuration files ... ok
postgres  | running bootstrap script ... ok
postgres  | performing post-bootstrap initialization ... ok
postgres  | syncing data to disk ... ok
postgres  | 
postgres  | 
postgres  | Success. You can now start the database server using:
postgres  | 
postgres  |     pg_ctl -D /var/lib/postgresql/data -l logfile start
postgres  | 
postgres  | initdb: warning: enabling "trust" authentication for local connections
postgres  | You can change this by editing pg_hba.conf or using the option -A, or
postgres  | --auth-local and --auth-host, the next time you run initdb.
postgres  | waiting for server to start....2022-03-02 10:24:27.913 UTC [49] LOG:  starting PostgreSQL 14.2 (Debian 14.2-1.pgdg110+1) on x86_64-pc-linux-gnu, compiled by gcc (Debian 10.2.1-6) 10.2.1 20210110, 64-bit
postgres  | 2022-03-02 10:24:27.916 UTC [49] LOG:  listening on Unix socket "/var/run/postgresql/.s.PGSQL.5432"
postgres  | 2022-03-02 10:24:27.923 UTC [50] LOG:  database system was shut down at 2022-03-02 10:24:27 UTC
postgres  | 2022-03-02 10:24:27.929 UTC [49] LOG:  database system is ready to accept connections
postgres  |  done
postgres  | server started
postgres  | CREATE DATABASE
postgres  | 
postgres  | 
postgres  | /usr/local/bin/docker-entrypoint.sh: ignoring /docker-entrypoint-initdb.d/*
postgres  | 
postgres  | waiting for server to shut down....2022-03-02 10:24:28.301 UTC [49] LOG:  received fast shutdown request
postgres  | 2022-03-02 10:24:28.304 UTC [49] LOG:  aborting any active transactions
postgres  | 2022-03-02 10:24:28.307 UTC [49] LOG:  background worker "logical replication launcher" (PID 56) exited with exit code 1
postgres  | 2022-03-02 10:24:28.307 UTC [51] LOG:  shutting down
postgres  | 2022-03-02 10:24:28.324 UTC [49] LOG:  database system is shut down
postgres  |  done
postgres  | server stopped
postgres  | 
postgres  | PostgreSQL init process complete; ready for start up.
postgres  | 
postgres  | 2022-03-02 10:24:28.402 UTC [1] LOG:  starting PostgreSQL 14.2 (Debian 14.2-1.pgdg110+1) on x86_64-pc-linux-gnu, compiled by gcc (Debian 10.2.1-6) 10.2.1 20210110, 64-bit
postgres  | 2022-03-02 10:24:28.402 UTC [1] LOG:  listening on IPv4 address "0.0.0.0", port 5432
postgres  | 2022-03-02 10:24:28.402 UTC [1] LOG:  listening on IPv6 address "::", port 5432
postgres  | 2022-03-02 10:24:28.406 UTC [1] LOG:  listening on Unix socket "/var/run/postgresql/.s.PGSQL.5432"
postgres  | 2022-03-02 10:24:28.412 UTC [63] LOG:  database system was shut down at 2022-03-02 10:24:28 UTC
postgres  | 2022-03-02 10:24:28.421 UTC [1] LOG:  database system is ready to accept connections
nestjs    | Generating a RSA private key
nestjs    | ...........++++
nestjs    | ..................................................++++
nestjs    | writing new private key to '/var/www/html/server/secrets/private-key.pem'
nestjs    | -----
react     | 
react     | > client@0.1.0 start
react     | > react-scripts start
react     | 
nestjs    | [[90m10:24:45 AM[0m] Starting compilation in watch mode...
nestjs    | 
pgadmin   | NOTE: Configuring authentication for SERVER mode.
pgadmin   | 
react     | (node:26) [DEP_WEBPACK_DEV_SERVER_ON_AFTER_SETUP_MIDDLEWARE] DeprecationWarning: 'onAfterSetupMiddleware' option is deprecated. Please use the 'setupMiddlewares' option.
react     | (Use `node --trace-deprecation ...` to show where the warning was created)
react     | (node:26) [DEP_WEBPACK_DEV_SERVER_ON_BEFORE_SETUP_MIDDLEWARE] DeprecationWarning: 'onBeforeSetupMiddleware' option is deprecated. Please use the 'setupMiddlewares' option.
react     | Starting the development server...
react     | 
nestjs    | [[90m10:25:19 AM[0m] Found 0 errors. Watching for file changes.
nestjs    | 
react     | Compiled successfully!
react     | 
react     | You can now view client in the browser.
react     | 
react     |   Local:            http://localhost:3000
react     |   On Your Network:  http://172.19.0.5:3000
react     | 
react     | Note that the development build is not optimized.
react     | To create a production build, use npm run build.
react     | 
react     | assets by path static/ 1.49 MiB
react     |   asset static/js/bundle.js 1.48 MiB [emitted] (name: main) 1 related asset
react     |   asset static/js/node_modules_web-vitals_dist_web-vitals_js.chunk.js 6.92 KiB [emitted] 1 related asset
react     |   asset static/media/logo.4bdbcf8396881de06a6723a92fed910b.svg 2.57 KiB [emitted] (auxiliary name: main)
react     | asset index.html 1.67 KiB [emitted]
react     | asset asset-manifest.json 546 bytes [emitted]
react     | cached modules 1.37 MiB (javascript) 31.3 KiB (runtime) [cached] 122 modules
react     | webpack 5.69.1 compiled successfully in 10636 ms
react     | Files successfully emitted, waiting for typecheck results...
react     | Issues checking in progress...
pgadmin   | ----------
pgadmin   | Loading servers with:
pgadmin   | User: fake@email.com
pgadmin   | SQLite pgAdmin config: /var/lib/pgadmin/pgadmin4.db
pgadmin   | ----------
pgadmin   | Added 0 Server Group(s) and 1 Server(s).
nestjs    | [32m[Nest] 20  - [39m03/02/2022, 10:25:32 AM [32m    LOG[39m [38;5;3m[NestFactory] [39m[32mStarting Nest application...[39m
nestjs    | [32m[Nest] 20  - [39m03/02/2022, 10:25:33 AM [32m    LOG[39m [38;5;3m[InstanceLoader] [39m[32mTypeOrmModule dependencies initialized[39m[38;5;3m +341ms[39m
nestjs    | [32m[Nest] 20  - [39m03/02/2022, 10:25:33 AM [32m    LOG[39m [38;5;3m[InstanceLoader] [39m[32mAppModule dependencies initialized[39m[38;5;3m +3ms[39m
nestjs    | [32m[Nest] 20  - [39m03/02/2022, 10:25:33 AM [32m    LOG[39m [38;5;3m[InstanceLoader] [39m[32mTypeOrmCoreModule dependencies initialized[39m[38;5;3m +285ms[39m
nestjs    | [32m[Nest] 20  - [39m03/02/2022, 10:25:33 AM [32m    LOG[39m [38;5;3m[RoutesResolver] [39m[32mAppController {/api}:[39m[38;5;3m +55ms[39m
nestjs    | [32m[Nest] 20  - [39m03/02/2022, 10:25:33 AM [32m    LOG[39m [38;5;3m[RouterExplorer] [39m[32mMapped {/api, GET} route[39m[38;5;3m +9ms[39m
nestjs    | [32m[Nest] 20  - [39m03/02/2022, 10:25:33 AM [32m    LOG[39m [38;5;3m[NestApplication] [39m[32mNest application successfully started[39m[38;5;3m +15ms[39m
react     | No issues found.
pgadmin   | [2022-03-02 10:25:37 +0000] [1] [INFO] Starting gunicorn 20.1.0
pgadmin   | [2022-03-02 10:25:37 +0000] [1] [INFO] Listening at: http://[::]:80 (1)
pgadmin   | [2022-03-02 10:25:37 +0000] [1] [INFO] Using worker: gthread
pgadmin   | [2022-03-02 10:25:37 +0000] [90] [INFO] Booting worker with pid: 90
pgadmin   | [2022-03-02 10:28:34 +0000] [1] [INFO] Handling signal: term
pgadmin   | [2022-03-02 10:28:35 +0000] [90] [INFO] Worker exiting (pid: 90)
pgadmin   | [2022-03-02 10:28:35 +0000] [1] [INFO] Shutting down: Master
pgadmin exited with code 0
pgadmin exited with code 0
react exited with code 137
react exited with code 137
nestjs exited with code 137
nestjs exited with code 137
postgres  | 2022-03-02 10:28:56.167 UTC [1] LOG:  received fast shutdown request
postgres  | 2022-03-02 10:28:56.169 UTC [1] LOG:  aborting any active transactions
postgres  | 2022-03-02 10:28:56.173 UTC [1] LOG:  background worker "logical replication launcher" (PID 69) exited with exit code 1
postgres  | 2022-03-02 10:28:56.175 UTC [64] LOG:  shutting down
postgres  | 2022-03-02 10:28:56.215 UTC [1] LOG:  database system is shut down
postgres exited with code 0
